{"C:\\Users\\Sarkis\\codefellows\\301n12\\data-structures-and-algorithms\\401-code-challenges\\Breadth-First\\breadth_first.js": {"path":"C:\\Users\\Sarkis\\codefellows\\301n12\\data-structures-and-algorithms\\401-code-challenges\\Breadth-First\\breadth_first.js","statementMap":{"0":{"start":{"line":3,"column":12},"end":{"line":20,"column":1}},"1":{"start":{"line":4,"column":4},"end":{"line":6,"column":5}},"2":{"start":{"line":5,"column":8},"end":{"line":5,"column":30}},"3":{"start":{"line":7,"column":18},"end":{"line":7,"column":20}},"4":{"start":{"line":8,"column":4},"end":{"line":8,"column":21}},"5":{"start":{"line":10,"column":4},"end":{"line":17,"column":5}},"6":{"start":{"line":11,"column":22},"end":{"line":11,"column":35}},"7":{"start":{"line":13,"column":8},"end":{"line":13,"column":35}},"8":{"start":{"line":14,"column":8},"end":{"line":14,"column":32}},"9":{"start":{"line":15,"column":8},"end":{"line":15,"column":50}},"10":{"start":{"line":15,"column":25},"end":{"line":15,"column":50}},"11":{"start":{"line":16,"column":8},"end":{"line":16,"column":51}},"12":{"start":{"line":16,"column":26},"end":{"line":16,"column":51}},"13":{"start":{"line":19,"column":4},"end":{"line":19,"column":15}},"14":{"start":{"line":22,"column":0},"end":{"line":22,"column":21}}},"fnMap":{"0":{"name":"(anonymous_0)","decl":{"start":{"line":3,"column":12},"end":{"line":3,"column":13}},"loc":{"start":{"line":3,"column":27},"end":{"line":20,"column":1}},"line":3}},"branchMap":{"0":{"loc":{"start":{"line":4,"column":4},"end":{"line":6,"column":5}},"type":"if","locations":[{"start":{"line":4,"column":4},"end":{"line":6,"column":5}},{"start":{"line":4,"column":4},"end":{"line":6,"column":5}}],"line":4},"1":{"loc":{"start":{"line":15,"column":8},"end":{"line":15,"column":50}},"type":"if","locations":[{"start":{"line":15,"column":8},"end":{"line":15,"column":50}},{"start":{"line":15,"column":8},"end":{"line":15,"column":50}}],"line":15},"2":{"loc":{"start":{"line":16,"column":8},"end":{"line":16,"column":51}},"type":"if","locations":[{"start":{"line":16,"column":8},"end":{"line":16,"column":51}},{"start":{"line":16,"column":8},"end":{"line":16,"column":51}}],"line":16}},"s":{"0":1,"1":2,"2":1,"3":1,"4":1,"5":1,"6":7,"7":7,"8":7,"9":7,"10":3,"11":7,"12":3,"13":1,"14":1},"f":{"0":2},"b":{"0":[1,1],"1":[3,4],"2":[3,4]},"_coverageSchema":"43e27e138ebf9cfc5966b082cf9a028302ed4184","hash":"c162a9a875cad2d3437910962437c0090f1fefca"}
,"C:\\Users\\Sarkis\\codefellows\\301n12\\data-structures-and-algorithms\\401-code-challenges\\Breadth-First\\node.js": {"path":"C:\\Users\\Sarkis\\codefellows\\301n12\\data-structures-and-algorithms\\401-code-challenges\\Breadth-First\\node.js","statementMap":{"0":{"start":{"line":5,"column":8},"end":{"line":5,"column":27}},"1":{"start":{"line":6,"column":8},"end":{"line":6,"column":25}},"2":{"start":{"line":7,"column":8},"end":{"line":7,"column":26}},"3":{"start":{"line":11,"column":0},"end":{"line":11,"column":22}}},"fnMap":{"0":{"name":"(anonymous_0)","decl":{"start":{"line":4,"column":4},"end":{"line":4,"column":5}},"loc":{"start":{"line":4,"column":22},"end":{"line":8,"column":5}},"line":4}},"branchMap":{},"s":{"0":7,"1":7,"2":7,"3":1},"f":{"0":7},"b":{},"_coverageSchema":"43e27e138ebf9cfc5966b082cf9a028302ed4184","hash":"4a55a6ae2d02bbef2b97ea1713957927ed4acc26"}
}
