TN:
SF:C:\Users\Sarkis\codefellows\301n12\data-structures-and-algorithms\401-code-challenges\Breadth-First\breadth_first.js
FN:3,(anonymous_0)
FNF:1
FNH:1
FNDA:2,(anonymous_0)
DA:3,1
DA:4,2
DA:5,1
DA:7,1
DA:8,1
DA:10,1
DA:11,7
DA:13,7
DA:14,7
DA:15,7
DA:16,7
DA:19,1
DA:22,1
LF:13
LH:13
BRDA:4,0,0,1
BRDA:4,0,1,1
BRDA:15,1,0,3
BRDA:15,1,1,4
BRDA:16,2,0,3
BRDA:16,2,1,4
BRF:6
BRH:6
end_of_record
TN:
SF:C:\Users\Sarkis\codefellows\301n12\data-structures-and-algorithms\401-code-challenges\Breadth-First\node.js
FN:4,(anonymous_0)
FNF:1
FNH:1
FNDA:7,(anonymous_0)
DA:5,7
DA:6,7
DA:7,7
DA:11,1
LF:4
LH:4
BRF:0
BRH:0
end_of_record
