<?xml version="1.0" encoding="UTF-8"?>
<coverage generated="1563758266902" clover="3.2.0">
  <project timestamp="1563758266902" name="All files">
    <metrics statements="19" coveredstatements="17" conditionals="16" coveredconditionals="11" methods="3" coveredmethods="3" elements="38" coveredelements="31" complexity="0" loc="19" ncloc="19" packages="1" files="2" classes="2"/>
    <file name="BinaryTree.js" path="C:\Users\Sarkis\codefellows\301n12\data-structures-and-algorithms\401-code-challenges\FindMaxVal_binary_tree\BinaryTree.js">
      <metrics statements="15" coveredstatements="13" conditionals="16" coveredconditionals="11" methods="2" coveredmethods="2"/>
      <line num="5" count="2" type="stmt"/>
      <line num="8" count="7" type="cond" truecount="1" falsecount="1"/>
      <line num="9" count="0" type="stmt"/>
      <line num="11" count="7" type="cond" truecount="4" falsecount="0"/>
      <line num="12" count="4" type="stmt"/>
      <line num="15" count="3" type="cond" truecount="1" falsecount="1"/>
      <line num="16" count="3" type="stmt"/>
      <line num="18" count="3" type="cond" truecount="1" falsecount="1"/>
      <line num="19" count="3" type="stmt"/>
      <line num="21" count="3" type="cond" truecount="1" falsecount="1"/>
      <line num="22" count="3" type="stmt"/>
      <line num="24" count="3" type="cond" truecount="1" falsecount="1"/>
      <line num="25" count="0" type="stmt"/>
      <line num="28" count="3" type="stmt"/>
      <line num="34" count="1" type="stmt"/>
    </file>
    <file name="node.js" path="C:\Users\Sarkis\codefellows\301n12\data-structures-and-algorithms\401-code-challenges\FindMaxVal_binary_tree\node.js">
      <metrics statements="4" coveredstatements="4" conditionals="0" coveredconditionals="0" methods="1" coveredmethods="1"/>
      <line num="5" count="7" type="stmt"/>
      <line num="6" count="7" type="stmt"/>
      <line num="7" count="7" type="stmt"/>
      <line num="11" count="1" type="stmt"/>
    </file>
  </project>
</coverage>
