{"C:\\Users\\Sarkis\\codefellows\\301n12\\data-structures-and-algorithms\\401-code-challenges\\FindMaxVal_binary_tree\\BinaryTree.js": {"path":"C:\\Users\\Sarkis\\codefellows\\301n12\\data-structures-and-algorithms\\401-code-challenges\\FindMaxVal_binary_tree\\BinaryTree.js","statementMap":{"0":{"start":{"line":5,"column":8},"end":{"line":5,"column":25}},"1":{"start":{"line":8,"column":8},"end":{"line":10,"column":9}},"2":{"start":{"line":9,"column":12},"end":{"line":9,"column":24}},"3":{"start":{"line":11,"column":8},"end":{"line":31,"column":9}},"4":{"start":{"line":12,"column":12},"end":{"line":12,"column":34}},"5":{"start":{"line":14,"column":23},"end":{"line":14,"column":27}},"6":{"start":{"line":15,"column":24},"end":{"line":15,"column":28}},"7":{"start":{"line":16,"column":12},"end":{"line":18,"column":13}},"8":{"start":{"line":17,"column":16},"end":{"line":17,"column":53}},"9":{"start":{"line":19,"column":12},"end":{"line":21,"column":13}},"10":{"start":{"line":20,"column":16},"end":{"line":20,"column":55}},"11":{"start":{"line":22,"column":12},"end":{"line":24,"column":13}},"12":{"start":{"line":23,"column":16},"end":{"line":23,"column":29}},"13":{"start":{"line":25,"column":12},"end":{"line":30,"column":13}},"14":{"start":{"line":26,"column":16},"end":{"line":26,"column":37}},"15":{"start":{"line":29,"column":16},"end":{"line":29,"column":28}},"16":{"start":{"line":35,"column":0},"end":{"line":35,"column":28}}},"fnMap":{"0":{"name":"(anonymous_0)","decl":{"start":{"line":4,"column":4},"end":{"line":4,"column":5}},"loc":{"start":{"line":4,"column":28},"end":{"line":6,"column":5}},"line":4},"1":{"name":"(anonymous_1)","decl":{"start":{"line":7,"column":4},"end":{"line":7,"column":5}},"loc":{"start":{"line":7,"column":34},"end":{"line":32,"column":5}},"line":7}},"branchMap":{"0":{"loc":{"start":{"line":4,"column":16},"end":{"line":4,"column":27}},"type":"default-arg","locations":[{"start":{"line":4,"column":23},"end":{"line":4,"column":27}}],"line":4},"1":{"loc":{"start":{"line":7,"column":15},"end":{"line":7,"column":32}},"type":"default-arg","locations":[{"start":{"line":7,"column":23},"end":{"line":7,"column":32}}],"line":7},"2":{"loc":{"start":{"line":8,"column":8},"end":{"line":10,"column":9}},"type":"if","locations":[{"start":{"line":8,"column":8},"end":{"line":10,"column":9}},{"start":{"line":8,"column":8},"end":{"line":10,"column":9}}],"line":8},"3":{"loc":{"start":{"line":11,"column":8},"end":{"line":31,"column":9}},"type":"if","locations":[{"start":{"line":11,"column":8},"end":{"line":31,"column":9}},{"start":{"line":11,"column":8},"end":{"line":31,"column":9}}],"line":11},"4":{"loc":{"start":{"line":11,"column":12},"end":{"line":11,"column":41}},"type":"binary-expr","locations":[{"start":{"line":11,"column":12},"end":{"line":11,"column":25}},{"start":{"line":11,"column":27},"end":{"line":11,"column":41}}],"line":11},"5":{"loc":{"start":{"line":16,"column":12},"end":{"line":18,"column":13}},"type":"if","locations":[{"start":{"line":16,"column":12},"end":{"line":18,"column":13}},{"start":{"line":16,"column":12},"end":{"line":18,"column":13}}],"line":16},"6":{"loc":{"start":{"line":19,"column":12},"end":{"line":21,"column":13}},"type":"if","locations":[{"start":{"line":19,"column":12},"end":{"line":21,"column":13}},{"start":{"line":19,"column":12},"end":{"line":21,"column":13}}],"line":19},"7":{"loc":{"start":{"line":22,"column":12},"end":{"line":24,"column":13}},"type":"if","locations":[{"start":{"line":22,"column":12},"end":{"line":24,"column":13}},{"start":{"line":22,"column":12},"end":{"line":24,"column":13}}],"line":22},"8":{"loc":{"start":{"line":25,"column":12},"end":{"line":30,"column":13}},"type":"if","locations":[{"start":{"line":25,"column":12},"end":{"line":30,"column":13}},{"start":{"line":25,"column":12},"end":{"line":30,"column":13}}],"line":25}},"s":{"0":2,"1":7,"2":0,"3":7,"4":4,"5":3,"6":3,"7":3,"8":3,"9":3,"10":3,"11":3,"12":3,"13":3,"14":0,"15":3,"16":1},"f":{"0":2,"1":7},"b":{"0":[1],"1":[1],"2":[0,7],"3":[4,3],"4":[7,4],"5":[3,0],"6":[3,0],"7":[3,0],"8":[0,3]},"_coverageSchema":"43e27e138ebf9cfc5966b082cf9a028302ed4184","hash":"0899ac9ec98cd87682aacbee45568b83a8f9cbd1"}
,"C:\\Users\\Sarkis\\codefellows\\301n12\\data-structures-and-algorithms\\401-code-challenges\\FindMaxVal_binary_tree\\node.js": {"path":"C:\\Users\\Sarkis\\codefellows\\301n12\\data-structures-and-algorithms\\401-code-challenges\\FindMaxVal_binary_tree\\node.js","statementMap":{"0":{"start":{"line":5,"column":8},"end":{"line":5,"column":25}},"1":{"start":{"line":6,"column":8},"end":{"line":6,"column":26}},"2":{"start":{"line":7,"column":8},"end":{"line":7,"column":27}},"3":{"start":{"line":11,"column":0},"end":{"line":11,"column":22}}},"fnMap":{"0":{"name":"(anonymous_0)","decl":{"start":{"line":4,"column":4},"end":{"line":4,"column":5}},"loc":{"start":{"line":4,"column":23},"end":{"line":8,"column":5}},"line":4}},"branchMap":{},"s":{"0":7,"1":7,"2":7,"3":1},"f":{"0":7},"b":{},"_coverageSchema":"43e27e138ebf9cfc5966b082cf9a028302ed4184","hash":"e14691af7fe5f087536ccb9437d752170c9898d2"}
}
