TN:
SF:C:\Users\Sarkis\codefellows\301n12\data-structures-and-algorithms\401-code-challenges\FindMaxVal_binary_tree\BinaryTree.js
FN:4,(anonymous_0)
FN:7,(anonymous_1)
FNF:2
FNH:2
FNDA:2,(anonymous_0)
FNDA:7,(anonymous_1)
DA:5,2
DA:8,7
DA:9,0
DA:11,7
DA:12,4
DA:14,3
DA:15,3
DA:16,3
DA:17,3
DA:19,3
DA:20,3
DA:22,3
DA:23,3
DA:25,3
DA:26,0
DA:29,3
DA:35,1
LF:17
LH:15
BRDA:4,0,0,1
BRDA:7,1,0,1
BRDA:8,2,0,0
BRDA:8,2,1,7
BRDA:11,3,0,4
BRDA:11,3,1,3
BRDA:11,4,0,7
BRDA:11,4,1,4
BRDA:16,5,0,3
BRDA:16,5,1,0
BRDA:19,6,0,3
BRDA:19,6,1,0
BRDA:22,7,0,3
BRDA:22,7,1,0
BRDA:25,8,0,0
BRDA:25,8,1,3
BRF:16
BRH:11
end_of_record
TN:
SF:C:\Users\Sarkis\codefellows\301n12\data-structures-and-algorithms\401-code-challenges\FindMaxVal_binary_tree\node.js
FN:4,(anonymous_0)
FNF:1
FNH:1
FNDA:7,(anonymous_0)
DA:5,7
DA:6,7
DA:7,7
DA:11,1
LF:4
LH:4
BRF:0
BRH:0
end_of_record
